<?xml version="1.0" encoding="UTF-8"?>
<testsuite name="com.feed.zia.impl.PulseServiceTest" tests="1" skipped="0" failures="0" errors="0" timestamp="2015-12-23T05:34:46" hostname="MVEE-LTW7" time="0.0">
  <properties/>
  <testcase name="testSeatDataTable" classname="com.feed.zia.impl.PulseServiceTest" time="0.0"/>
  <system-out><![CDATA[]]></system-out>
  <system-err><![CDATA[]]></system-err>
</testsuite>
